{"/Users/edyta/Desktop/PROJETS/OpenClassroom/pro9/Billed-app-FR-Front/src/constants/routes.js": {"path":"/Users/edyta/Desktop/PROJETS/OpenClassroom/pro9/Billed-app-FR-Front/src/constants/routes.js","statementMap":{"0":{"start":{"line":6,"column":27},"end":{"line":11,"column":1}},"1":{"start":{"line":13,"column":22},"end":{"line":26,"column":1}},"2":{"start":{"line":14,"column":2},"end":{"line":25,"column":3}},"3":{"start":{"line":16,"column":6},"end":{"line":16,"column":46}},"4":{"start":{"line":18,"column":6},"end":{"line":18,"column":46}},"5":{"start":{"line":20,"column":6},"end":{"line":20,"column":24}},"6":{"start":{"line":22,"column":6},"end":{"line":22,"column":50}},"7":{"start":{"line":24,"column":6},"end":{"line":24,"column":46}}},"fnMap":{"0":{"name":"(anonymous_0)","decl":{"start":{"line":13,"column":22},"end":{"line":13,"column":23}},"loc":{"start":{"line":13,"column":62},"end":{"line":26,"column":1}},"line":13}},"branchMap":{"0":{"loc":{"start":{"line":14,"column":2},"end":{"line":25,"column":3}},"type":"switch","locations":[{"start":{"line":15,"column":4},"end":{"line":16,"column":46}},{"start":{"line":17,"column":4},"end":{"line":18,"column":46}},{"start":{"line":19,"column":4},"end":{"line":20,"column":24}},{"start":{"line":21,"column":4},"end":{"line":22,"column":50}},{"start":{"line":23,"column":4},"end":{"line":24,"column":46}}],"line":14}},"s":{"0":6,"1":6,"2":26,"3":7,"4":5,"5":1,"6":12,"7":1},"f":{"0":26},"b":{"0":[7,5,1,12,1]},"_coverageSchema":"1a1c01bbd47fc00a2c39e90264f33305004495a9","hash":"cde93f057c31b77e2faa7a7add4d9d183cdbeb43"}
,"/Users/edyta/Desktop/PROJETS/OpenClassroom/pro9/Billed-app-FR-Front/src/constants/usersTest.js": {"path":"/Users/edyta/Desktop/PROJETS/OpenClassroom/pro9/Billed-app-FR-Front/src/constants/usersTest.js","statementMap":{},"fnMap":{},"branchMap":{},"s":{},"f":{},"b":{},"_coverageSchema":"1a1c01bbd47fc00a2c39e90264f33305004495a9","hash":"92112d260b0e87fdd0fe2cb21dc132404be68b3c"}
,"/Users/edyta/Desktop/PROJETS/OpenClassroom/pro9/Billed-app-FR-Front/src/containers/Bills.js": {"path":"/Users/edyta/Desktop/PROJETS/OpenClassroom/pro9/Billed-app-FR-Front/src/containers/Bills.js","statementMap":{"0":{"start":{"line":7,"column":4},"end":{"line":7,"column":29}},"1":{"start":{"line":8,"column":4},"end":{"line":8,"column":33}},"2":{"start":{"line":9,"column":4},"end":{"line":9,"column":23}},"3":{"start":{"line":10,"column":26},"end":{"line":12,"column":5}},"4":{"start":{"line":13,"column":4},"end":{"line":14,"column":71}},"5":{"start":{"line":14,"column":6},"end":{"line":14,"column":71}},"6":{"start":{"line":15,"column":20},"end":{"line":15,"column":76}},"7":{"start":{"line":16,"column":4},"end":{"line":19,"column":9}},"8":{"start":{"line":17,"column":6},"end":{"line":19,"column":9}},"9":{"start":{"line":18,"column":8},"end":{"line":18,"column":75}},"10":{"start":{"line":18,"column":45},"end":{"line":18,"column":74}},"11":{"start":{"line":20,"column":4},"end":{"line":20,"column":55}},"12":{"start":{"line":23,"column":23},"end":{"line":25,"column":3}},"13":{"start":{"line":24,"column":4},"end":{"line":24,"column":44}},"14":{"start":{"line":27,"column":23},"end":{"line":39,"column":3}},"15":{"start":{"line":28,"column":4},"end":{"line":28,"column":36}},"16":{"start":{"line":29,"column":20},"end":{"line":29,"column":54}},"17":{"start":{"line":30,"column":21},"end":{"line":30,"column":63}},"18":{"start":{"line":31,"column":4},"end":{"line":31,"column":36}},"19":{"start":{"line":32,"column":4},"end":{"line":32,"column":38}},"20":{"start":{"line":33,"column":4},"end":{"line":37,"column":8}},"21":{"start":{"line":38,"column":4},"end":{"line":38,"column":35}},"22":{"start":{"line":41,"column":13},"end":{"line":75,"column":3}},"23":{"start":{"line":42,"column":4},"end":{"line":74,"column":5}},"24":{"start":{"line":43,"column":6},"end":{"line":73,"column":11}},"25":{"start":{"line":47,"column":22},"end":{"line":64,"column":12}},"26":{"start":{"line":48,"column":12},"end":{"line":63,"column":13}},"27":{"start":{"line":49,"column":14},"end":{"line":53,"column":16}},"28":{"start":{"line":57,"column":14},"end":{"line":57,"column":41}},"29":{"start":{"line":58,"column":14},"end":{"line":62,"column":16}},"30":{"start":{"line":65,"column":10},"end":{"line":65,"column":46}},"31":{"start":{"line":72,"column":10},"end":{"line":72,"column":23}}},"fnMap":{"0":{"name":"(anonymous_0)","decl":{"start":{"line":6,"column":2},"end":{"line":6,"column":3}},"loc":{"start":{"line":6,"column":61},"end":{"line":21,"column":3}},"line":6},"1":{"name":"(anonymous_1)","decl":{"start":{"line":17,"column":22},"end":{"line":17,"column":23}},"loc":{"start":{"line":17,"column":30},"end":{"line":19,"column":7}},"line":17},"2":{"name":"(anonymous_2)","decl":{"start":{"line":18,"column":39},"end":{"line":18,"column":40}},"loc":{"start":{"line":18,"column":45},"end":{"line":18,"column":74}},"line":18},"3":{"name":"(anonymous_3)","decl":{"start":{"line":23,"column":23},"end":{"line":23,"column":24}},"loc":{"start":{"line":23,"column":29},"end":{"line":25,"column":3}},"line":23},"4":{"name":"(anonymous_4)","decl":{"start":{"line":27,"column":23},"end":{"line":27,"column":24}},"loc":{"start":{"line":27,"column":33},"end":{"line":39,"column":3}},"line":27},"5":{"name":"(anonymous_5)","decl":{"start":{"line":41,"column":13},"end":{"line":41,"column":14}},"loc":{"start":{"line":41,"column":19},"end":{"line":75,"column":3}},"line":41},"6":{"name":"(anonymous_6)","decl":{"start":{"line":46,"column":14},"end":{"line":46,"column":15}},"loc":{"start":{"line":46,"column":28},"end":{"line":73,"column":9}},"line":46},"7":{"name":"(anonymous_7)","decl":{"start":{"line":47,"column":35},"end":{"line":47,"column":36}},"loc":{"start":{"line":47,"column":44},"end":{"line":64,"column":11}},"line":47}},"branchMap":{"0":{"loc":{"start":{"line":13,"column":4},"end":{"line":14,"column":71}},"type":"if","locations":[{"start":{"line":13,"column":4},"end":{"line":14,"column":71}},{"start":{"line":13,"column":4},"end":{"line":14,"column":71}}],"line":13},"1":{"loc":{"start":{"line":16,"column":4},"end":{"line":19,"column":9}},"type":"if","locations":[{"start":{"line":16,"column":4},"end":{"line":19,"column":9}},{"start":{"line":16,"column":4},"end":{"line":19,"column":9}}],"line":16},"2":{"loc":{"start":{"line":42,"column":4},"end":{"line":74,"column":5}},"type":"if","locations":[{"start":{"line":42,"column":4},"end":{"line":74,"column":5}},{"start":{"line":42,"column":4},"end":{"line":74,"column":5}}],"line":42}},"s":{"0":1,"1":1,"2":1,"3":1,"4":1,"5":0,"6":1,"7":1,"8":1,"9":0,"10":0,"11":1,"12":1,"13":0,"14":1,"15":0,"16":0,"17":0,"18":0,"19":0,"20":0,"21":0,"22":1,"23":1,"24":1,"25":0,"26":0,"27":0,"28":0,"29":0,"30":0,"31":0},"f":{"0":1,"1":0,"2":0,"3":0,"4":0,"5":1,"6":0,"7":0},"b":{"0":[0,1],"1":[1,0],"2":[1,0]},"_coverageSchema":"1a1c01bbd47fc00a2c39e90264f33305004495a9","hash":"8fb2efd1509f30f388afd47fe83b2cf09d437ec0"}
,"/Users/edyta/Desktop/PROJETS/OpenClassroom/pro9/Billed-app-FR-Front/src/containers/Dashboard.js": {"path":"/Users/edyta/Desktop/PROJETS/OpenClassroom/pro9/Billed-app-FR-Front/src/containers/Dashboard.js","statementMap":{"0":{"start":{"line":8,"column":29},"end":{"line":28,"column":1}},"1":{"start":{"line":9,"column":2},"end":{"line":27,"column":9}},"2":{"start":{"line":14,"column":8},"end":{"line":23,"column":9}},"3":{"start":{"line":15,"column":10},"end":{"line":15,"column":51}},"4":{"start":{"line":20,"column":10},"end":{"line":22,"column":61}},"5":{"start":{"line":25,"column":8},"end":{"line":25,"column":31}},"6":{"start":{"line":30,"column":20},"end":{"line":57,"column":1}},"7":{"start":{"line":31,"column":28},"end":{"line":31,"column":52}},"8":{"start":{"line":32,"column":20},"end":{"line":34,"column":8}},"9":{"start":{"line":35,"column":19},"end":{"line":37,"column":23}},"10":{"start":{"line":39,"column":2},"end":{"line":56,"column":4}},"11":{"start":{"line":59,"column":21},"end":{"line":61,"column":1}},"12":{"start":{"line":60,"column":2},"end":{"line":60,"column":79}},"13":{"start":{"line":60,"column":53},"end":{"line":60,"column":63}},"14":{"start":{"line":63,"column":25},"end":{"line":72,"column":1}},"15":{"start":{"line":64,"column":2},"end":{"line":71,"column":3}},"16":{"start":{"line":66,"column":6},"end":{"line":66,"column":23}},"17":{"start":{"line":68,"column":6},"end":{"line":68,"column":24}},"18":{"start":{"line":70,"column":6},"end":{"line":70,"column":23}},"19":{"start":{"line":76,"column":4},"end":{"line":76,"column":29}},"20":{"start":{"line":77,"column":4},"end":{"line":77,"column":33}},"21":{"start":{"line":78,"column":4},"end":{"line":78,"column":23}},"22":{"start":{"line":79,"column":4},"end":{"line":79,"column":78}},"23":{"start":{"line":79,"column":41},"end":{"line":79,"column":76}},"24":{"start":{"line":80,"column":4},"end":{"line":80,"column":78}},"25":{"start":{"line":80,"column":41},"end":{"line":80,"column":76}},"26":{"start":{"line":81,"column":4},"end":{"line":81,"column":78}},"27":{"start":{"line":81,"column":41},"end":{"line":81,"column":76}},"28":{"start":{"line":82,"column":4},"end":{"line":82,"column":45}},"29":{"start":{"line":85,"column":23},"end":{"line":95,"column":3}},"30":{"start":{"line":86,"column":20},"end":{"line":86,"column":58}},"31":{"start":{"line":87,"column":21},"end":{"line":87,"column":69}},"32":{"start":{"line":88,"column":4},"end":{"line":92,"column":8}},"33":{"start":{"line":93,"column":4},"end":{"line":94,"column":43}},"34":{"start":{"line":94,"column":6},"end":{"line":94,"column":43}},"35":{"start":{"line":98,"column":4},"end":{"line":98,"column":76}},"36":{"start":{"line":98,"column":59},"end":{"line":98,"column":76}},"37":{"start":{"line":99,"column":4},"end":{"line":99,"column":72}},"38":{"start":{"line":99,"column":54},"end":{"line":99,"column":72}},"39":{"start":{"line":100,"column":4},"end":{"line":100,"column":51}},"40":{"start":{"line":104,"column":3},"end":{"line":104,"column":35}},"41":{"start":{"line":106,"column":4},"end":{"line":127,"column":5}},"42":{"start":{"line":107,"column":6},"end":{"line":109,"column":8}},"43":{"start":{"line":108,"column":8},"end":{"line":108,"column":61}},"44":{"start":{"line":110,"column":6},"end":{"line":110,"column":62}},"45":{"start":{"line":111,"column":6},"end":{"line":111,"column":69}},"46":{"start":{"line":112,"column":6},"end":{"line":112,"column":52}},"47":{"start":{"line":113,"column":6},"end":{"line":113,"column":21}},"48":{"start":{"line":114,"column":6},"end":{"line":114,"column":50}},"49":{"start":{"line":117,"column":6},"end":{"line":117,"column":62}},"50":{"start":{"line":119,"column":6},"end":{"line":121,"column":8}},"51":{"start":{"line":122,"column":6},"end":{"line":122,"column":52}},"52":{"start":{"line":123,"column":6},"end":{"line":123,"column":21}},"53":{"start":{"line":124,"column":6},"end":{"line":124,"column":52}},"54":{"start":{"line":128,"column":4},"end":{"line":128,"column":52}},"55":{"start":{"line":129,"column":4},"end":{"line":129,"column":73}},"56":{"start":{"line":129,"column":39},"end":{"line":129,"column":71}},"57":{"start":{"line":130,"column":4},"end":{"line":130,"column":73}},"58":{"start":{"line":130,"column":39},"end":{"line":130,"column":71}},"59":{"start":{"line":133,"column":23},"end":{"line":141,"column":3}},"60":{"start":{"line":134,"column":20},"end":{"line":138,"column":5}},"61":{"start":{"line":139,"column":4},"end":{"line":139,"column":29}},"62":{"start":{"line":140,"column":4},"end":{"line":140,"column":46}},"63":{"start":{"line":143,"column":23},"end":{"line":151,"column":3}},"64":{"start":{"line":144,"column":20},"end":{"line":148,"column":5}},"65":{"start":{"line":149,"column":4},"end":{"line":149,"column":29}},"66":{"start":{"line":150,"column":4},"end":{"line":150,"column":46}},"67":{"start":{"line":154,"column":4},"end":{"line":154,"column":31}},"68":{"start":{"line":155,"column":4},"end":{"line":155,"column":41}},"69":{"start":{"line":156,"column":4},"end":{"line":156,"column":52}},"70":{"start":{"line":156,"column":36},"end":{"line":156,"column":52}},"71":{"start":{"line":157,"column":4},"end":{"line":157,"column":76}},"72":{"start":{"line":157,"column":58},"end":{"line":157,"column":76}},"73":{"start":{"line":158,"column":4},"end":{"line":168,"column":5}},"74":{"start":{"line":159,"column":6},"end":{"line":159,"column":69}},"75":{"start":{"line":160,"column":6},"end":{"line":161,"column":65}},"76":{"start":{"line":162,"column":6},"end":{"line":162,"column":21}},"77":{"start":{"line":164,"column":6},"end":{"line":164,"column":70}},"78":{"start":{"line":165,"column":6},"end":{"line":166,"column":17}},"79":{"start":{"line":167,"column":6},"end":{"line":167,"column":21}},"80":{"start":{"line":170,"column":4},"end":{"line":172,"column":6}},"81":{"start":{"line":171,"column":6},"end":{"line":171,"column":83}},"82":{"start":{"line":171,"column":45},"end":{"line":171,"column":82}},"83":{"start":{"line":174,"column":4},"end":{"line":174,"column":16}},"84":{"start":{"line":178,"column":21},"end":{"line":196,"column":3}},"85":{"start":{"line":179,"column":4},"end":{"line":195,"column":5}},"86":{"start":{"line":180,"column":6},"end":{"line":194,"column":11}},"87":{"start":{"line":184,"column":24},"end":{"line":189,"column":13}},"88":{"start":{"line":184,"column":47},"end":{"line":189,"column":11}},"89":{"start":{"line":190,"column":10},"end":{"line":190,"column":23}},"90":{"start":{"line":193,"column":10},"end":{"line":193,"column":22}}},"fnMap":{"0":{"name":"(anonymous_0)","decl":{"start":{"line":8,"column":29},"end":{"line":8,"column":30}},"loc":{"start":{"line":8,"column":47},"end":{"line":28,"column":1}},"line":8},"1":{"name":"(anonymous_1)","decl":{"start":{"line":10,"column":18},"end":{"line":10,"column":19}},"loc":{"start":{"line":10,"column":28},"end":{"line":26,"column":7}},"line":10},"2":{"name":"(anonymous_2)","decl":{"start":{"line":30,"column":20},"end":{"line":30,"column":21}},"loc":{"start":{"line":30,"column":30},"end":{"line":57,"column":1}},"line":30},"3":{"name":"(anonymous_3)","decl":{"start":{"line":59,"column":21},"end":{"line":59,"column":22}},"loc":{"start":{"line":59,"column":32},"end":{"line":61,"column":1}},"line":59},"4":{"name":"(anonymous_4)","decl":{"start":{"line":60,"column":43},"end":{"line":60,"column":44}},"loc":{"start":{"line":60,"column":53},"end":{"line":60,"column":63}},"line":60},"5":{"name":"(anonymous_5)","decl":{"start":{"line":63,"column":25},"end":{"line":63,"column":26}},"loc":{"start":{"line":63,"column":36},"end":{"line":72,"column":1}},"line":63},"6":{"name":"(anonymous_6)","decl":{"start":{"line":75,"column":2},"end":{"line":75,"column":3}},"loc":{"start":{"line":75,"column":68},"end":{"line":83,"column":3}},"line":75},"7":{"name":"(anonymous_7)","decl":{"start":{"line":79,"column":34},"end":{"line":79,"column":35}},"loc":{"start":{"line":79,"column":41},"end":{"line":79,"column":76}},"line":79},"8":{"name":"(anonymous_8)","decl":{"start":{"line":80,"column":34},"end":{"line":80,"column":35}},"loc":{"start":{"line":80,"column":41},"end":{"line":80,"column":76}},"line":80},"9":{"name":"(anonymous_9)","decl":{"start":{"line":81,"column":34},"end":{"line":81,"column":35}},"loc":{"start":{"line":81,"column":41},"end":{"line":81,"column":76}},"line":81},"10":{"name":"(anonymous_10)","decl":{"start":{"line":85,"column":23},"end":{"line":85,"column":24}},"loc":{"start":{"line":85,"column":29},"end":{"line":95,"column":3}},"line":85},"11":{"name":"(anonymous_11)","decl":{"start":{"line":97,"column":2},"end":{"line":97,"column":3}},"loc":{"start":{"line":97,"column":35},"end":{"line":131,"column":3}},"line":97},"12":{"name":"(anonymous_12)","decl":{"start":{"line":107,"column":20},"end":{"line":107,"column":21}},"loc":{"start":{"line":107,"column":25},"end":{"line":109,"column":7}},"line":107},"13":{"name":"(anonymous_13)","decl":{"start":{"line":129,"column":32},"end":{"line":129,"column":33}},"loc":{"start":{"line":129,"column":39},"end":{"line":129,"column":71}},"line":129},"14":{"name":"(anonymous_14)","decl":{"start":{"line":130,"column":32},"end":{"line":130,"column":33}},"loc":{"start":{"line":130,"column":39},"end":{"line":130,"column":71}},"line":130},"15":{"name":"(anonymous_15)","decl":{"start":{"line":133,"column":23},"end":{"line":133,"column":24}},"loc":{"start":{"line":133,"column":36},"end":{"line":141,"column":3}},"line":133},"16":{"name":"(anonymous_16)","decl":{"start":{"line":143,"column":23},"end":{"line":143,"column":24}},"loc":{"start":{"line":143,"column":36},"end":{"line":151,"column":3}},"line":143},"17":{"name":"(anonymous_17)","decl":{"start":{"line":153,"column":2},"end":{"line":153,"column":3}},"loc":{"start":{"line":153,"column":37},"end":{"line":176,"column":3}},"line":153},"18":{"name":"(anonymous_18)","decl":{"start":{"line":170,"column":18},"end":{"line":170,"column":19}},"loc":{"start":{"line":170,"column":26},"end":{"line":172,"column":5}},"line":170},"19":{"name":"(anonymous_19)","decl":{"start":{"line":171,"column":38},"end":{"line":171,"column":39}},"loc":{"start":{"line":171,"column":45},"end":{"line":171,"column":82}},"line":171},"20":{"name":"(anonymous_20)","decl":{"start":{"line":178,"column":21},"end":{"line":178,"column":22}},"loc":{"start":{"line":178,"column":27},"end":{"line":196,"column":3}},"line":178},"21":{"name":"(anonymous_21)","decl":{"start":{"line":183,"column":14},"end":{"line":183,"column":15}},"loc":{"start":{"line":183,"column":28},"end":{"line":191,"column":9}},"line":183},"22":{"name":"(anonymous_22)","decl":{"start":{"line":184,"column":37},"end":{"line":184,"column":38}},"loc":{"start":{"line":184,"column":47},"end":{"line":189,"column":11}},"line":184},"23":{"name":"(anonymous_23)","decl":{"start":{"line":192,"column":15},"end":{"line":192,"column":16}},"loc":{"start":{"line":192,"column":26},"end":{"line":194,"column":9}},"line":192}},"branchMap":{"0":{"loc":{"start":{"line":9,"column":9},"end":{"line":27,"column":8}},"type":"cond-expr","locations":[{"start":{"line":10,"column":6},"end":{"line":26,"column":8}},{"start":{"line":27,"column":6},"end":{"line":27,"column":8}}],"line":9},"1":{"loc":{"start":{"line":9,"column":9},"end":{"line":9,"column":28}},"type":"binary-expr","locations":[{"start":{"line":9,"column":9},"end":{"line":9,"column":13}},{"start":{"line":9,"column":17},"end":{"line":9,"column":28}}],"line":9},"2":{"loc":{"start":{"line":14,"column":8},"end":{"line":23,"column":9}},"type":"if","locations":[{"start":{"line":14,"column":8},"end":{"line":23,"column":9}},{"start":{"line":14,"column":8},"end":{"line":23,"column":9}}],"line":14},"3":{"loc":{"start":{"line":21,"column":12},"end":{"line":22,"column":60}},"type":"binary-expr","locations":[{"start":{"line":21,"column":12},"end":{"line":21,"column":34}},{"start":{"line":22,"column":12},"end":{"line":22,"column":60}}],"line":21},"4":{"loc":{"start":{"line":32,"column":20},"end":{"line":34,"column":8}},"type":"cond-expr","locations":[{"start":{"line":33,"column":6},"end":{"line":33,"column":37}},{"start":{"line":34,"column":6},"end":{"line":34,"column":8}}],"line":32},"5":{"loc":{"start":{"line":35,"column":19},"end":{"line":37,"column":23}},"type":"cond-expr","locations":[{"start":{"line":36,"column":6},"end":{"line":36,"column":37}},{"start":{"line":37,"column":6},"end":{"line":37,"column":23}}],"line":35},"6":{"loc":{"start":{"line":60,"column":9},"end":{"line":60,"column":78}},"type":"cond-expr","locations":[{"start":{"line":60,"column":33},"end":{"line":60,"column":73}},{"start":{"line":60,"column":76},"end":{"line":60,"column":78}}],"line":60},"7":{"loc":{"start":{"line":60,"column":9},"end":{"line":60,"column":30}},"type":"binary-expr","locations":[{"start":{"line":60,"column":9},"end":{"line":60,"column":14}},{"start":{"line":60,"column":18},"end":{"line":60,"column":30}}],"line":60},"8":{"loc":{"start":{"line":64,"column":2},"end":{"line":71,"column":3}},"type":"switch","locations":[{"start":{"line":65,"column":4},"end":{"line":66,"column":23}},{"start":{"line":67,"column":4},"end":{"line":68,"column":24}},{"start":{"line":69,"column":4},"end":{"line":70,"column":23}}],"line":64},"9":{"loc":{"start":{"line":93,"column":4},"end":{"line":94,"column":43}},"type":"if","locations":[{"start":{"line":93,"column":4},"end":{"line":94,"column":43}},{"start":{"line":93,"column":4},"end":{"line":94,"column":43}}],"line":93},"10":{"loc":{"start":{"line":98,"column":4},"end":{"line":98,"column":76}},"type":"if","locations":[{"start":{"line":98,"column":4},"end":{"line":98,"column":76}},{"start":{"line":98,"column":4},"end":{"line":98,"column":76}}],"line":98},"11":{"loc":{"start":{"line":98,"column":8},"end":{"line":98,"column":57}},"type":"binary-expr","locations":[{"start":{"line":98,"column":8},"end":{"line":98,"column":34}},{"start":{"line":98,"column":38},"end":{"line":98,"column":57}}],"line":98},"12":{"loc":{"start":{"line":99,"column":4},"end":{"line":99,"column":72}},"type":"if","locations":[{"start":{"line":99,"column":4},"end":{"line":99,"column":72}},{"start":{"line":99,"column":4},"end":{"line":99,"column":72}}],"line":99},"13":{"loc":{"start":{"line":99,"column":8},"end":{"line":99,"column":52}},"type":"binary-expr","locations":[{"start":{"line":99,"column":8},"end":{"line":99,"column":29}},{"start":{"line":99,"column":33},"end":{"line":99,"column":52}}],"line":99},"14":{"loc":{"start":{"line":106,"column":4},"end":{"line":127,"column":5}},"type":"if","locations":[{"start":{"line":106,"column":4},"end":{"line":127,"column":5}},{"start":{"line":106,"column":4},"end":{"line":127,"column":5}}],"line":106},"15":{"loc":{"start":{"line":156,"column":4},"end":{"line":156,"column":52}},"type":"if","locations":[{"start":{"line":156,"column":4},"end":{"line":156,"column":52}},{"start":{"line":156,"column":4},"end":{"line":156,"column":52}}],"line":156},"16":{"loc":{"start":{"line":157,"column":4},"end":{"line":157,"column":76}},"type":"if","locations":[{"start":{"line":157,"column":4},"end":{"line":157,"column":76}},{"start":{"line":157,"column":4},"end":{"line":157,"column":76}}],"line":157},"17":{"loc":{"start":{"line":157,"column":8},"end":{"line":157,"column":56}},"type":"binary-expr","locations":[{"start":{"line":157,"column":8},"end":{"line":157,"column":32}},{"start":{"line":157,"column":36},"end":{"line":157,"column":56}}],"line":157},"18":{"loc":{"start":{"line":158,"column":4},"end":{"line":168,"column":5}},"type":"if","locations":[{"start":{"line":158,"column":4},"end":{"line":168,"column":5}},{"start":{"line":158,"column":4},"end":{"line":168,"column":5}}],"line":158},"19":{"loc":{"start":{"line":179,"column":4},"end":{"line":195,"column":5}},"type":"if","locations":[{"start":{"line":179,"column":4},"end":{"line":195,"column":5}},{"start":{"line":179,"column":4},"end":{"line":195,"column":5}}],"line":179}},"s":{"0":6,"1":43,"2":100,"3":100,"4":0,"5":100,"6":6,"7":5,"8":5,"9":5,"10":5,"11":6,"12":5,"13":5,"14":6,"15":4,"16":3,"17":0,"18":1,"19":14,"20":14,"21":14,"22":14,"23":0,"24":14,"25":0,"26":14,"27":0,"28":14,"29":14,"30":1,"31":1,"32":1,"33":1,"34":0,"35":3,"36":2,"37":3,"38":2,"39":3,"40":3,"41":3,"42":2,"43":8,"44":2,"45":2,"46":2,"47":2,"48":2,"49":1,"50":1,"51":1,"52":1,"53":1,"54":3,"55":3,"56":0,"57":3,"58":0,"59":14,"60":1,"61":1,"62":1,"63":14,"64":1,"65":1,"66":1,"67":5,"68":5,"69":5,"70":3,"71":5,"72":5,"73":5,"74":4,"75":4,"76":4,"77":1,"78":1,"79":1,"80":5,"81":20,"82":3,"83":5,"84":14,"85":5,"86":5,"87":3,"88":12,"89":3,"90":2},"f":{"0":43,"1":100,"2":5,"3":5,"4":5,"5":4,"6":14,"7":0,"8":0,"9":0,"10":1,"11":3,"12":8,"13":0,"14":0,"15":1,"16":1,"17":5,"18":20,"19":3,"20":5,"21":3,"22":12,"23":2},"b":{"0":[25,18],"1":[43,25],"2":[100,0],"3":[0,0],"4":[0,5],"5":[0,5],"6":[4,1],"7":[5,5],"8":[3,0,1],"9":[0,1],"10":[2,1],"11":[3,3],"12":[2,1],"13":[3,1],"14":[2,1],"15":[3,2],"16":[5,0],"17":[5,2],"18":[4,1],"19":[5,0]},"_coverageSchema":"1a1c01bbd47fc00a2c39e90264f33305004495a9","hash":"dc89285af8f50bb155a331bedb308ad66cf98c47"}
,"/Users/edyta/Desktop/PROJETS/OpenClassroom/pro9/Billed-app-FR-Front/src/containers/Login.js": {"path":"/Users/edyta/Desktop/PROJETS/OpenClassroom/pro9/Billed-app-FR-Front/src/containers/Login.js","statementMap":{"0":{"start":{"line":3,"column":31},"end":{"line":3,"column":33}},"1":{"start":{"line":8,"column":4},"end":{"line":8,"column":28}},"2":{"start":{"line":9,"column":4},"end":{"line":9,"column":36}},"3":{"start":{"line":10,"column":4},"end":{"line":10,"column":32}},"4":{"start":{"line":11,"column":4},"end":{"line":11,"column":46}},"5":{"start":{"line":12,"column":4},"end":{"line":12,"column":22}},"6":{"start":{"line":13,"column":25},"end":{"line":13,"column":89}},"7":{"start":{"line":14,"column":4},"end":{"line":14,"column":70}},"8":{"start":{"line":15,"column":22},"end":{"line":15,"column":83}},"9":{"start":{"line":16,"column":4},"end":{"line":16,"column":64}},"10":{"start":{"line":18,"column":25},"end":{"line":38,"column":3}},"11":{"start":{"line":19,"column":4},"end":{"line":19,"column":22}},"12":{"start":{"line":20,"column":17},"end":{"line":25,"column":5}},"13":{"start":{"line":26,"column":4},"end":{"line":26,"column":59}},"14":{"start":{"line":27,"column":4},"end":{"line":36,"column":8}},"15":{"start":{"line":29,"column":17},"end":{"line":29,"column":38}},"16":{"start":{"line":32,"column":8},"end":{"line":32,"column":45}},"17":{"start":{"line":33,"column":8},"end":{"line":33,"column":53}},"18":{"start":{"line":34,"column":8},"end":{"line":34,"column":50}},"19":{"start":{"line":35,"column":8},"end":{"line":35,"column":55}},"20":{"start":{"line":40,"column":22},"end":{"line":60,"column":3}},"21":{"start":{"line":41,"column":4},"end":{"line":41,"column":23}},"22":{"start":{"line":42,"column":4},"end":{"line":42,"column":22}},"23":{"start":{"line":43,"column":17},"end":{"line":48,"column":5}},"24":{"start":{"line":49,"column":4},"end":{"line":49,"column":59}},"25":{"start":{"line":50,"column":4},"end":{"line":59,"column":8}},"26":{"start":{"line":52,"column":17},"end":{"line":52,"column":38}},"27":{"start":{"line":55,"column":8},"end":{"line":55,"column":49}},"28":{"start":{"line":56,"column":8},"end":{"line":56,"column":57}},"29":{"start":{"line":57,"column":8},"end":{"line":57,"column":50}},"30":{"start":{"line":58,"column":8},"end":{"line":58,"column":55}},"31":{"start":{"line":63,"column":10},"end":{"line":75,"column":3}},"32":{"start":{"line":64,"column":4},"end":{"line":74,"column":5}},"33":{"start":{"line":65,"column":6},"end":{"line":71,"column":8}},"34":{"start":{"line":70,"column":8},"end":{"line":70,"column":40}},"35":{"start":{"line":73,"column":6},"end":{"line":73,"column":17}},"36":{"start":{"line":78,"column":15},"end":{"line":96,"column":3}},"37":{"start":{"line":79,"column":4},"end":{"line":79,"column":29}},"38":{"start":{"line":80,"column":4},"end":{"line":95,"column":5}},"39":{"start":{"line":81,"column":6},"end":{"line":92,"column":8}},"40":{"start":{"line":90,"column":8},"end":{"line":90,"column":57}},"41":{"start":{"line":91,"column":8},"end":{"line":91,"column":31}},"42":{"start":{"line":94,"column":6},"end":{"line":94,"column":17}}},"fnMap":{"0":{"name":"(anonymous_0)","decl":{"start":{"line":7,"column":2},"end":{"line":7,"column":3}},"loc":{"start":{"line":7,"column":80},"end":{"line":17,"column":3}},"line":7},"1":{"name":"(anonymous_1)","decl":{"start":{"line":18,"column":25},"end":{"line":18,"column":26}},"loc":{"start":{"line":18,"column":30},"end":{"line":38,"column":3}},"line":18},"2":{"name":"(anonymous_2)","decl":{"start":{"line":29,"column":8},"end":{"line":29,"column":9}},"loc":{"start":{"line":29,"column":17},"end":{"line":29,"column":38}},"line":29},"3":{"name":"(anonymous_3)","decl":{"start":{"line":31,"column":12},"end":{"line":31,"column":13}},"loc":{"start":{"line":31,"column":18},"end":{"line":36,"column":7}},"line":31},"4":{"name":"(anonymous_4)","decl":{"start":{"line":40,"column":22},"end":{"line":40,"column":23}},"loc":{"start":{"line":40,"column":27},"end":{"line":60,"column":3}},"line":40},"5":{"name":"(anonymous_5)","decl":{"start":{"line":52,"column":8},"end":{"line":52,"column":9}},"loc":{"start":{"line":52,"column":17},"end":{"line":52,"column":38}},"line":52},"6":{"name":"(anonymous_6)","decl":{"start":{"line":54,"column":12},"end":{"line":54,"column":13}},"loc":{"start":{"line":54,"column":18},"end":{"line":59,"column":7}},"line":54},"7":{"name":"(anonymous_7)","decl":{"start":{"line":63,"column":10},"end":{"line":63,"column":11}},"loc":{"start":{"line":63,"column":20},"end":{"line":75,"column":3}},"line":63},"8":{"name":"(anonymous_8)","decl":{"start":{"line":69,"column":15},"end":{"line":69,"column":16}},"loc":{"start":{"line":69,"column":26},"end":{"line":71,"column":7}},"line":69},"9":{"name":"(anonymous_9)","decl":{"start":{"line":78,"column":15},"end":{"line":78,"column":16}},"loc":{"start":{"line":78,"column":25},"end":{"line":96,"column":3}},"line":78},"10":{"name":"(anonymous_10)","decl":{"start":{"line":89,"column":12},"end":{"line":89,"column":13}},"loc":{"start":{"line":89,"column":18},"end":{"line":92,"column":7}},"line":89}},"branchMap":{"0":{"loc":{"start":{"line":64,"column":4},"end":{"line":74,"column":5}},"type":"if","locations":[{"start":{"line":64,"column":4},"end":{"line":74,"column":5}},{"start":{"line":64,"column":4},"end":{"line":74,"column":5}}],"line":64},"1":{"loc":{"start":{"line":80,"column":4},"end":{"line":95,"column":5}},"type":"if","locations":[{"start":{"line":80,"column":4},"end":{"line":95,"column":5}},{"start":{"line":80,"column":4},"end":{"line":95,"column":5}}],"line":80}},"s":{"0":3,"1":4,"2":4,"3":4,"4":4,"5":4,"6":4,"7":4,"8":4,"9":4,"10":4,"11":2,"12":2,"13":2,"14":2,"15":0,"16":2,"17":2,"18":2,"19":2,"20":4,"21":2,"22":2,"23":2,"24":2,"25":2,"26":0,"27":2,"28":2,"29":2,"30":2,"31":4,"32":0,"33":0,"34":0,"35":0,"36":4,"37":0,"38":0,"39":0,"40":0,"41":0,"42":0},"f":{"0":4,"1":2,"2":0,"3":2,"4":2,"5":0,"6":2,"7":0,"8":0,"9":0,"10":0},"b":{"0":[0,0],"1":[0,0]},"_coverageSchema":"1a1c01bbd47fc00a2c39e90264f33305004495a9","hash":"073cf3775474210f3bd590d459b41a8ec1318126"}
,"/Users/edyta/Desktop/PROJETS/OpenClassroom/pro9/Billed-app-FR-Front/src/containers/Logout.js": {"path":"/Users/edyta/Desktop/PROJETS/OpenClassroom/pro9/Billed-app-FR-Front/src/containers/Logout.js","statementMap":{"0":{"start":{"line":5,"column":4},"end":{"line":5,"column":28}},"1":{"start":{"line":6,"column":4},"end":{"line":6,"column":32}},"2":{"start":{"line":7,"column":4},"end":{"line":7,"column":36}},"3":{"start":{"line":8,"column":4},"end":{"line":8,"column":51}},"4":{"start":{"line":11,"column":16},"end":{"line":14,"column":3}},"5":{"start":{"line":12,"column":4},"end":{"line":12,"column":29}},"6":{"start":{"line":13,"column":4},"end":{"line":13,"column":41}}},"fnMap":{"0":{"name":"(anonymous_0)","decl":{"start":{"line":4,"column":2},"end":{"line":4,"column":3}},"loc":{"start":{"line":4,"column":54},"end":{"line":9,"column":3}},"line":4},"1":{"name":"(anonymous_1)","decl":{"start":{"line":11,"column":16},"end":{"line":11,"column":17}},"loc":{"start":{"line":11,"column":23},"end":{"line":14,"column":3}},"line":11}},"branchMap":{},"s":{"0":16,"1":16,"2":16,"3":16,"4":16,"5":2,"6":2},"f":{"0":16,"1":2},"b":{},"_coverageSchema":"1a1c01bbd47fc00a2c39e90264f33305004495a9","hash":"89792b8026053b5708092789deacfa7fd644e0bc"}
,"/Users/edyta/Desktop/PROJETS/OpenClassroom/pro9/Billed-app-FR-Front/src/containers/NewBill.js": {"path":"/Users/edyta/Desktop/PROJETS/OpenClassroom/pro9/Billed-app-FR-Front/src/containers/NewBill.js","statementMap":{"0":{"start":{"line":6,"column":4},"end":{"line":6,"column":29}},"1":{"start":{"line":7,"column":4},"end":{"line":7,"column":33}},"2":{"start":{"line":8,"column":4},"end":{"line":8,"column":23}},"3":{"start":{"line":9,"column":24},"end":{"line":11,"column":5}},"4":{"start":{"line":12,"column":4},"end":{"line":12,"column":62}},"5":{"start":{"line":13,"column":17},"end":{"line":13,"column":73}},"6":{"start":{"line":14,"column":4},"end":{"line":14,"column":59}},"7":{"start":{"line":15,"column":4},"end":{"line":15,"column":24}},"8":{"start":{"line":16,"column":4},"end":{"line":16,"column":25}},"9":{"start":{"line":17,"column":4},"end":{"line":17,"column":23}},"10":{"start":{"line":18,"column":4},"end":{"line":18,"column":55}},"11":{"start":{"line":20,"column":21},"end":{"line":56,"column":3}},"12":{"start":{"line":21,"column":4},"end":{"line":21,"column":23}},"13":{"start":{"line":22,"column":17},"end":{"line":23,"column":15}},"14":{"start":{"line":24,"column":21},"end":{"line":24,"column":48}},"15":{"start":{"line":25,"column":21},"end":{"line":25,"column":50}},"16":{"start":{"line":26,"column":26},"end":{"line":26,"column":54}},"17":{"start":{"line":27,"column":21},"end":{"line":27,"column":35}},"18":{"start":{"line":28,"column":18},"end":{"line":28,"column":64}},"19":{"start":{"line":29,"column":4},"end":{"line":38,"column":5}},"20":{"start":{"line":34,"column":6},"end":{"line":34,"column":36}},"21":{"start":{"line":35,"column":6},"end":{"line":35,"column":75}},"22":{"start":{"line":37,"column":6},"end":{"line":37,"column":76}},"23":{"start":{"line":39,"column":4},"end":{"line":39,"column":36}},"24":{"start":{"line":41,"column":4},"end":{"line":55,"column":46}},"25":{"start":{"line":50,"column":8},"end":{"line":50,"column":29}},"26":{"start":{"line":51,"column":8},"end":{"line":51,"column":26}},"27":{"start":{"line":52,"column":8},"end":{"line":52,"column":31}},"28":{"start":{"line":53,"column":8},"end":{"line":53,"column":33}},"29":{"start":{"line":55,"column":24},"end":{"line":55,"column":44}},"30":{"start":{"line":57,"column":17},"end":{"line":86,"column":3}},"31":{"start":{"line":58,"column":4},"end":{"line":58,"column":23}},"32":{"start":{"line":59,"column":4},"end":{"line":62,"column":6}},"33":{"start":{"line":63,"column":18},"end":{"line":63,"column":64}},"34":{"start":{"line":64,"column":17},"end":{"line":81,"column":5}},"35":{"start":{"line":82,"column":4},"end":{"line":82,"column":30}},"36":{"start":{"line":83,"column":4},"end":{"line":83,"column":48}},"37":{"start":{"line":84,"column":4},"end":{"line":84,"column":26}},"38":{"start":{"line":85,"column":4},"end":{"line":85,"column":42}},"39":{"start":{"line":89,"column":15},"end":{"line":99,"column":3}},"40":{"start":{"line":90,"column":4},"end":{"line":98,"column":5}},"41":{"start":{"line":91,"column":6},"end":{"line":97,"column":48}},"42":{"start":{"line":95,"column":10},"end":{"line":95,"column":48}},"43":{"start":{"line":97,"column":26},"end":{"line":97,"column":46}}},"fnMap":{"0":{"name":"(anonymous_0)","decl":{"start":{"line":5,"column":2},"end":{"line":5,"column":3}},"loc":{"start":{"line":5,"column":61},"end":{"line":19,"column":3}},"line":5},"1":{"name":"(anonymous_1)","decl":{"start":{"line":20,"column":21},"end":{"line":20,"column":22}},"loc":{"start":{"line":20,"column":28},"end":{"line":56,"column":3}},"line":20},"2":{"name":"(anonymous_2)","decl":{"start":{"line":49,"column":12},"end":{"line":49,"column":13}},"loc":{"start":{"line":49,"column":34},"end":{"line":54,"column":7}},"line":49},"3":{"name":"(anonymous_3)","decl":{"start":{"line":55,"column":13},"end":{"line":55,"column":14}},"loc":{"start":{"line":55,"column":24},"end":{"line":55,"column":44}},"line":55},"4":{"name":"(anonymous_4)","decl":{"start":{"line":57,"column":17},"end":{"line":57,"column":18}},"loc":{"start":{"line":57,"column":24},"end":{"line":86,"column":3}},"line":57},"5":{"name":"(anonymous_5)","decl":{"start":{"line":89,"column":15},"end":{"line":89,"column":16}},"loc":{"start":{"line":89,"column":25},"end":{"line":99,"column":3}},"line":89},"6":{"name":"(anonymous_6)","decl":{"start":{"line":94,"column":14},"end":{"line":94,"column":15}},"loc":{"start":{"line":94,"column":20},"end":{"line":96,"column":9}},"line":94},"7":{"name":"(anonymous_7)","decl":{"start":{"line":97,"column":15},"end":{"line":97,"column":16}},"loc":{"start":{"line":97,"column":26},"end":{"line":97,"column":46}},"line":97}},"branchMap":{"0":{"loc":{"start":{"line":29,"column":4},"end":{"line":38,"column":5}},"type":"if","locations":[{"start":{"line":29,"column":4},"end":{"line":38,"column":5}},{"start":{"line":29,"column":4},"end":{"line":38,"column":5}}],"line":29},"1":{"loc":{"start":{"line":30,"column":6},"end":{"line":32,"column":29}},"type":"binary-expr","locations":[{"start":{"line":30,"column":6},"end":{"line":30,"column":29}},{"start":{"line":31,"column":6},"end":{"line":31,"column":30}},{"start":{"line":32,"column":6},"end":{"line":32,"column":29}}],"line":30},"2":{"loc":{"start":{"line":74,"column":8},"end":{"line":75,"column":10}},"type":"binary-expr","locations":[{"start":{"line":74,"column":8},"end":{"line":74,"column":74}},{"start":{"line":75,"column":8},"end":{"line":75,"column":10}}],"line":74},"3":{"loc":{"start":{"line":90,"column":4},"end":{"line":98,"column":5}},"type":"if","locations":[{"start":{"line":90,"column":4},"end":{"line":98,"column":5}},{"start":{"line":90,"column":4},"end":{"line":98,"column":5}}],"line":90}},"s":{"0":0,"1":0,"2":0,"3":0,"4":0,"5":0,"6":0,"7":0,"8":0,"9":0,"10":0,"11":0,"12":0,"13":0,"14":0,"15":0,"16":0,"17":0,"18":0,"19":0,"20":0,"21":0,"22":0,"23":0,"24":0,"25":0,"26":0,"27":0,"28":0,"29":0,"30":0,"31":0,"32":0,"33":0,"34":0,"35":0,"36":0,"37":0,"38":0,"39":0,"40":0,"41":0,"42":0,"43":0},"f":{"0":0,"1":0,"2":0,"3":0,"4":0,"5":0,"6":0,"7":0},"b":{"0":[0,0],"1":[0,0,0],"2":[0,0],"3":[0,0]},"_coverageSchema":"1a1c01bbd47fc00a2c39e90264f33305004495a9","hash":"56d41f84c935e737d547cf8ada36c408e0817801"}
,"/Users/edyta/Desktop/PROJETS/OpenClassroom/pro9/Billed-app-FR-Front/src/views/Actions.js": {"path":"/Users/edyta/Desktop/PROJETS/OpenClassroom/pro9/Billed-app-FR-Front/src/views/Actions.js","statementMap":{"0":{"start":{"line":5,"column":2},"end":{"line":11,"column":3}}},"fnMap":{"0":{"name":"(anonymous_0)","decl":{"start":{"line":4,"column":15},"end":{"line":4,"column":16}},"loc":{"start":{"line":4,"column":28},"end":{"line":12,"column":1}},"line":4}},"branchMap":{},"s":{"0":6},"f":{"0":6},"b":{},"_coverageSchema":"1a1c01bbd47fc00a2c39e90264f33305004495a9","hash":"ea6167f29e1a1024e30a39840b5825f4b180c6fd"}
,"/Users/edyta/Desktop/PROJETS/OpenClassroom/pro9/Billed-app-FR-Front/src/views/BillsUI.js": {"path":"/Users/edyta/Desktop/PROJETS/OpenClassroom/pro9/Billed-app-FR-Front/src/views/BillsUI.js","statementMap":{"0":{"start":{"line":7,"column":12},"end":{"line":20,"column":3}},"1":{"start":{"line":8,"column":2},"end":{"line":19,"column":6}},"2":{"start":{"line":23,"column":13},"end":{"line":25,"column":1}},"3":{"start":{"line":24,"column":2},"end":{"line":24,"column":74}},"4":{"start":{"line":24,"column":50},"end":{"line":24,"column":59}},"5":{"start":{"line":29,"column":16},"end":{"line":44,"column":4}},"6":{"start":{"line":29,"column":23},"end":{"line":44,"column":3}},"7":{"start":{"line":46,"column":2},"end":{"line":50,"column":3}},"8":{"start":{"line":47,"column":4},"end":{"line":47,"column":24}},"9":{"start":{"line":48,"column":9},"end":{"line":50,"column":3}},"10":{"start":{"line":49,"column":4},"end":{"line":49,"column":27}},"11":{"start":{"line":52,"column":2},"end":{"line":80,"column":3}}},"fnMap":{"0":{"name":"(anonymous_0)","decl":{"start":{"line":7,"column":12},"end":{"line":7,"column":13}},"loc":{"start":{"line":7,"column":22},"end":{"line":20,"column":3}},"line":7},"1":{"name":"(anonymous_1)","decl":{"start":{"line":23,"column":13},"end":{"line":23,"column":14}},"loc":{"start":{"line":23,"column":23},"end":{"line":25,"column":1}},"line":23},"2":{"name":"(anonymous_2)","decl":{"start":{"line":24,"column":42},"end":{"line":24,"column":43}},"loc":{"start":{"line":24,"column":50},"end":{"line":24,"column":59}},"line":24},"3":{"name":"(anonymous_3)","decl":{"start":{"line":27,"column":15},"end":{"line":27,"column":16}},"loc":{"start":{"line":27,"column":52},"end":{"line":81,"column":1}},"line":27},"4":{"name":"(anonymous_4)","decl":{"start":{"line":29,"column":16},"end":{"line":29,"column":17}},"loc":{"start":{"line":29,"column":23},"end":{"line":44,"column":3}},"line":29}},"branchMap":{"0":{"loc":{"start":{"line":24,"column":9},"end":{"line":24,"column":74}},"type":"cond-expr","locations":[{"start":{"line":24,"column":33},"end":{"line":24,"column":69}},{"start":{"line":24,"column":72},"end":{"line":24,"column":74}}],"line":24},"1":{"loc":{"start":{"line":24,"column":10},"end":{"line":24,"column":29}},"type":"binary-expr","locations":[{"start":{"line":24,"column":10},"end":{"line":24,"column":14}},{"start":{"line":24,"column":18},"end":{"line":24,"column":29}}],"line":24},"2":{"loc":{"start":{"line":46,"column":2},"end":{"line":50,"column":3}},"type":"if","locations":[{"start":{"line":46,"column":2},"end":{"line":50,"column":3}},{"start":{"line":46,"column":2},"end":{"line":50,"column":3}}],"line":46},"3":{"loc":{"start":{"line":48,"column":9},"end":{"line":50,"column":3}},"type":"if","locations":[{"start":{"line":48,"column":9},"end":{"line":50,"column":3}},{"start":{"line":48,"column":9},"end":{"line":50,"column":3}}],"line":48}},"s":{"0":6,"1":4,"2":6,"3":4,"4":4,"5":6,"6":4,"7":6,"8":1,"9":5,"10":1,"11":4},"f":{"0":4,"1":4,"2":4,"3":6,"4":4},"b":{"0":[1,3],"1":[4,2],"2":[1,5],"3":[1,4]},"_coverageSchema":"1a1c01bbd47fc00a2c39e90264f33305004495a9","hash":"7c3b13663cc216c97db9972bd48f72d2b6180d51"}
,"/Users/edyta/Desktop/PROJETS/OpenClassroom/pro9/Billed-app-FR-Front/src/views/DashboardFormUI.js": {"path":"/Users/edyta/Desktop/PROJETS/OpenClassroom/pro9/Billed-app-FR-Front/src/views/DashboardFormUI.js","statementMap":{"0":{"start":{"line":7,"column":21},"end":{"line":22,"column":4}},"1":{"start":{"line":7,"column":28},"end":{"line":22,"column":3}},"2":{"start":{"line":26,"column":2},"end":{"line":101,"column":4}}},"fnMap":{"0":{"name":"(anonymous_0)","decl":{"start":{"line":7,"column":21},"end":{"line":7,"column":22}},"loc":{"start":{"line":7,"column":28},"end":{"line":22,"column":3}},"line":7},"1":{"name":"(anonymous_1)","decl":{"start":{"line":24,"column":15},"end":{"line":24,"column":16}},"loc":{"start":{"line":24,"column":25},"end":{"line":102,"column":1}},"line":24}},"branchMap":{"0":{"loc":{"start":{"line":79,"column":9},"end":{"line":89,"column":9}},"type":"cond-expr","locations":[{"start":{"line":79,"column":38},"end":{"line":84,"column":8}},{"start":{"line":84,"column":13},"end":{"line":89,"column":8}}],"line":79},"1":{"loc":{"start":{"line":92,"column":8},"end":{"line":97,"column":13}},"type":"cond-expr","locations":[{"start":{"line":92,"column":37},"end":{"line":97,"column":7}},{"start":{"line":97,"column":11},"end":{"line":97,"column":13}}],"line":92}},"s":{"0":7,"1":9,"2":9},"f":{"0":9,"1":9},"b":{"0":[6,3],"1":[6,3]},"_coverageSchema":"1a1c01bbd47fc00a2c39e90264f33305004495a9","hash":"20382bf80df20a103cc91f7f2f754ba656b63e1a"}
,"/Users/edyta/Desktop/PROJETS/OpenClassroom/pro9/Billed-app-FR-Front/src/views/DashboardUI.js": {"path":"/Users/edyta/Desktop/PROJETS/OpenClassroom/pro9/Billed-app-FR-Front/src/views/DashboardUI.js","statementMap":{"0":{"start":{"line":10,"column":2},"end":{"line":14,"column":3}},"1":{"start":{"line":11,"column":4},"end":{"line":11,"column":24}},"2":{"start":{"line":12,"column":9},"end":{"line":14,"column":3}},"3":{"start":{"line":13,"column":4},"end":{"line":13,"column":27}},"4":{"start":{"line":16,"column":2},"end":{"line":48,"column":3}}},"fnMap":{"0":{"name":"(anonymous_0)","decl":{"start":{"line":8,"column":15},"end":{"line":8,"column":16}},"loc":{"start":{"line":8,"column":45},"end":{"line":49,"column":1}},"line":8}},"branchMap":{"0":{"loc":{"start":{"line":10,"column":2},"end":{"line":14,"column":3}},"type":"if","locations":[{"start":{"line":10,"column":2},"end":{"line":14,"column":3}},{"start":{"line":10,"column":2},"end":{"line":14,"column":3}}],"line":10},"1":{"loc":{"start":{"line":12,"column":9},"end":{"line":14,"column":3}},"type":"if","locations":[{"start":{"line":12,"column":9},"end":{"line":14,"column":3}},{"start":{"line":12,"column":9},"end":{"line":14,"column":3}}],"line":12},"2":{"loc":{"start":{"line":22,"column":45},"end":{"line":22,"column":63}},"type":"binary-expr","locations":[{"start":{"line":22,"column":45},"end":{"line":22,"column":49}},{"start":{"line":22,"column":53},"end":{"line":22,"column":63}}],"line":22},"3":{"loc":{"start":{"line":29,"column":43},"end":{"line":29,"column":61}},"type":"binary-expr","locations":[{"start":{"line":29,"column":43},"end":{"line":29,"column":47}},{"start":{"line":29,"column":51},"end":{"line":29,"column":61}}],"line":29},"4":{"loc":{"start":{"line":36,"column":43},"end":{"line":36,"column":61}},"type":"binary-expr","locations":[{"start":{"line":36,"column":43},"end":{"line":36,"column":47}},{"start":{"line":36,"column":51},"end":{"line":36,"column":61}}],"line":36}},"s":{"0":21,"1":6,"2":15,"3":3,"4":12},"f":{"0":21},"b":{"0":[6,15],"1":[3,12],"2":[12,7],"3":[12,7],"4":[12,7]},"_coverageSchema":"1a1c01bbd47fc00a2c39e90264f33305004495a9","hash":"9551846a583a7c984eafa11cfccb25c1726ebb4e"}
,"/Users/edyta/Desktop/PROJETS/OpenClassroom/pro9/Billed-app-FR-Front/src/views/ErrorPage.js": {"path":"/Users/edyta/Desktop/PROJETS/OpenClassroom/pro9/Billed-app-FR-Front/src/views/ErrorPage.js","statementMap":{"0":{"start":{"line":4,"column":2},"end":{"line":15,"column":3}}},"fnMap":{"0":{"name":"(anonymous_0)","decl":{"start":{"line":3,"column":15},"end":{"line":3,"column":16}},"loc":{"start":{"line":3,"column":26},"end":{"line":16,"column":1}},"line":3}},"branchMap":{"0":{"loc":{"start":{"line":12,"column":12},"end":{"line":12,"column":30}},"type":"cond-expr","locations":[{"start":{"line":12,"column":20},"end":{"line":12,"column":25}},{"start":{"line":12,"column":28},"end":{"line":12,"column":30}}],"line":12}},"s":{"0":6},"f":{"0":6},"b":{"0":[5,1]},"_coverageSchema":"1a1c01bbd47fc00a2c39e90264f33305004495a9","hash":"88ee5490773d2229b19d53925e49e6e585dd5186"}
,"/Users/edyta/Desktop/PROJETS/OpenClassroom/pro9/Billed-app-FR-Front/src/views/LoadingPage.js": {"path":"/Users/edyta/Desktop/PROJETS/OpenClassroom/pro9/Billed-app-FR-Front/src/views/LoadingPage.js","statementMap":{"0":{"start":{"line":5,"column":2},"end":{"line":12,"column":3}}},"fnMap":{"0":{"name":"(anonymous_0)","decl":{"start":{"line":3,"column":15},"end":{"line":3,"column":16}},"loc":{"start":{"line":3,"column":21},"end":{"line":13,"column":1}},"line":3}},"branchMap":{},"s":{"0":8},"f":{"0":8},"b":{},"_coverageSchema":"1a1c01bbd47fc00a2c39e90264f33305004495a9","hash":"f9d1022af3eddd74bfdd7d0e0927d1760a409585"}
,"/Users/edyta/Desktop/PROJETS/OpenClassroom/pro9/Billed-app-FR-Front/src/views/LoginUI.js": {"path":"/Users/edyta/Desktop/PROJETS/OpenClassroom/pro9/Billed-app-FR-Front/src/views/LoginUI.js","statementMap":{"0":{"start":{"line":4,"column":2},"end":{"line":46,"column":4}}},"fnMap":{"0":{"name":"(anonymous_0)","decl":{"start":{"line":2,"column":15},"end":{"line":2,"column":16}},"loc":{"start":{"line":2,"column":21},"end":{"line":47,"column":1}},"line":2}},"branchMap":{},"s":{"0":14},"f":{"0":14},"b":{},"_coverageSchema":"1a1c01bbd47fc00a2c39e90264f33305004495a9","hash":"893bd1a6e5e3a1ac6dbf01794442023aee3d74ca"}
,"/Users/edyta/Desktop/PROJETS/OpenClassroom/pro9/Billed-app-FR-Front/src/views/NewBillUI.js": {"path":"/Users/edyta/Desktop/PROJETS/OpenClassroom/pro9/Billed-app-FR-Front/src/views/NewBillUI.js","statementMap":{"0":{"start":{"line":5,"column":2},"end":{"line":74,"column":4}}},"fnMap":{"0":{"name":"(anonymous_0)","decl":{"start":{"line":3,"column":15},"end":{"line":3,"column":16}},"loc":{"start":{"line":3,"column":21},"end":{"line":75,"column":1}},"line":3}},"branchMap":{},"s":{"0":2},"f":{"0":2},"b":{},"_coverageSchema":"1a1c01bbd47fc00a2c39e90264f33305004495a9","hash":"6de814cfcb53b4602e36da8973c4d271b9e5c88c"}
,"/Users/edyta/Desktop/PROJETS/OpenClassroom/pro9/Billed-app-FR-Front/src/views/VerticalLayout.js": {"path":"/Users/edyta/Desktop/PROJETS/OpenClassroom/pro9/Billed-app-FR-Front/src/views/VerticalLayout.js","statementMap":{"0":{"start":{"line":7,"column":4},"end":{"line":7,"column":51}},"1":{"start":{"line":8,"column":4},"end":{"line":10,"column":5}},"2":{"start":{"line":9,"column":6},"end":{"line":9,"column":29}},"3":{"start":{"line":11,"column":4},"end":{"line":39,"column":5}},"4":{"start":{"line":12,"column":6},"end":{"line":27,"column":7}},"5":{"start":{"line":29,"column":6},"end":{"line":38,"column":7}}},"fnMap":{"0":{"name":"(anonymous_0)","decl":{"start":{"line":5,"column":15},"end":{"line":5,"column":16}},"loc":{"start":{"line":5,"column":27},"end":{"line":40,"column":1}},"line":5}},"branchMap":{"0":{"loc":{"start":{"line":8,"column":4},"end":{"line":10,"column":5}},"type":"if","locations":[{"start":{"line":8,"column":4},"end":{"line":10,"column":5}},{"start":{"line":8,"column":4},"end":{"line":10,"column":5}}],"line":8},"1":{"loc":{"start":{"line":11,"column":4},"end":{"line":39,"column":5}},"type":"if","locations":[{"start":{"line":11,"column":4},"end":{"line":39,"column":5}},{"start":{"line":11,"column":4},"end":{"line":39,"column":5}}],"line":11},"2":{"loc":{"start":{"line":11,"column":8},"end":{"line":11,"column":40}},"type":"binary-expr","locations":[{"start":{"line":11,"column":8},"end":{"line":11,"column":12}},{"start":{"line":11,"column":16},"end":{"line":11,"column":40}}],"line":11}},"s":{"0":33,"1":33,"2":20,"3":33,"4":4,"5":29},"f":{"0":33},"b":{"0":[20,13],"1":[4,29],"2":[33,20]},"_coverageSchema":"1a1c01bbd47fc00a2c39e90264f33305004495a9","hash":"c6eb224e00bf620f33955e4d882178cf8ad26920"}
}
