TN:
SF:src/constants/routes.js
FN:13,(anonymous_0)
FNF:1
FNH:1
FNDA:52,(anonymous_0)
DA:6,6
DA:13,6
DA:14,52
DA:16,8
DA:18,27
DA:20,4
DA:22,12
DA:24,1
LF:8
LH:8
BRDA:14,0,0,8
BRDA:14,0,1,27
BRDA:14,0,2,4
BRDA:14,0,3,12
BRDA:14,0,4,1
BRF:5
BRH:5
end_of_record
TN:
SF:src/constants/usersTest.js
FNF:0
FNH:0
LF:0
LH:0
BRF:0
BRH:0
end_of_record
TN:
SF:src/containers/Bills.js
FN:6,(anonymous_0)
FN:17,(anonymous_1)
FN:18,(anonymous_2)
FN:23,(anonymous_3)
FN:27,(anonymous_4)
FN:38,(anonymous_5)
FN:44,(anonymous_6)
FN:45,(anonymous_7)
FNF:8
FNH:5
FNDA:13,(anonymous_0)
FNDA:4,(anonymous_1)
FNDA:0,(anonymous_2)
FNDA:2,(anonymous_3)
FNDA:1,(anonymous_4)
FNDA:11,(anonymous_5)
FNDA:0,(anonymous_6)
FNDA:0,(anonymous_7)
DA:7,13
DA:8,13
DA:9,13
DA:10,13
DA:13,13
DA:14,1
DA:15,13
DA:16,13
DA:17,13
DA:18,4
DA:20,13
DA:23,13
DA:24,2
DA:27,13
DA:28,1
DA:29,1
DA:30,1
DA:35,1
DA:38,13
DA:39,11
DA:40,11
DA:45,0
DA:46,0
DA:47,0
DA:55,0
DA:63,0
LF:26
LH:21
BRDA:13,0,0,1
BRDA:13,0,1,12
BRDA:16,1,0,13
BRDA:16,1,1,0
BRDA:39,2,0,11
BRDA:39,2,1,0
BRF:6
BRH:4
end_of_record
TN:
SF:src/containers/Dashboard.js
FN:8,(anonymous_0)
FN:10,(anonymous_1)
FN:30,(anonymous_2)
FN:59,(anonymous_3)
FN:60,(anonymous_4)
FN:63,(anonymous_5)
FN:75,(anonymous_6)
FN:79,(anonymous_7)
FN:80,(anonymous_8)
FN:81,(anonymous_9)
FN:85,(anonymous_10)
FN:97,(anonymous_11)
FN:101,(anonymous_12)
FN:119,(anonymous_13)
FN:120,(anonymous_14)
FN:123,(anonymous_15)
FN:133,(anonymous_16)
FN:143,(anonymous_17)
FN:158,(anonymous_18)
FN:159,(anonymous_19)
FN:166,(anonymous_20)
FN:171,(anonymous_21)
FN:172,(anonymous_22)
FN:180,(anonymous_23)
FNF:24
FNH:19
FNDA:43,(anonymous_0)
FNDA:100,(anonymous_1)
FNDA:5,(anonymous_2)
FNDA:5,(anonymous_3)
FNDA:5,(anonymous_4)
FNDA:4,(anonymous_5)
FNDA:14,(anonymous_6)
FNDA:0,(anonymous_7)
FNDA:0,(anonymous_8)
FNDA:0,(anonymous_9)
FNDA:1,(anonymous_10)
FNDA:3,(anonymous_11)
FNDA:8,(anonymous_12)
FNDA:0,(anonymous_13)
FNDA:0,(anonymous_14)
FNDA:1,(anonymous_15)
FNDA:1,(anonymous_16)
FNDA:5,(anonymous_17)
FNDA:20,(anonymous_18)
FNDA:3,(anonymous_19)
FNDA:5,(anonymous_20)
FNDA:3,(anonymous_21)
FNDA:12,(anonymous_22)
FNDA:2,(anonymous_23)
DA:8,6
DA:9,43
DA:14,100
DA:15,100
DA:20,0
DA:25,100
DA:30,6
DA:31,5
DA:32,5
DA:35,5
DA:39,5
DA:59,6
DA:60,5
DA:63,6
DA:64,4
DA:66,3
DA:68,0
DA:70,1
DA:76,14
DA:77,14
DA:78,14
DA:79,14
DA:80,14
DA:81,14
DA:82,14
DA:85,14
DA:86,1
DA:87,1
DA:88,1
DA:93,1
DA:94,0
DA:98,3
DA:99,3
DA:100,3
DA:101,2
DA:102,8
DA:104,2
DA:105,2
DA:106,2
DA:107,2
DA:110,1
DA:112,1
DA:115,1
DA:116,1
DA:118,3
DA:119,3
DA:120,3
DA:123,14
DA:124,1
DA:129,1
DA:130,1
DA:133,14
DA:134,1
DA:139,1
DA:140,1
DA:144,5
DA:145,5
DA:146,5
DA:147,4
DA:148,4
DA:150,4
DA:152,1
DA:153,1
DA:155,1
DA:158,5
DA:159,20
DA:162,5
DA:166,14
DA:167,5
DA:168,5
DA:172,12
DA:178,3
DA:181,2
LF:73
LH:70
BRDA:9,0,0,25
BRDA:9,0,1,18
BRDA:9,1,0,43
BRDA:9,1,1,25
BRDA:14,2,0,100
BRDA:14,2,1,0
BRDA:21,3,0,0
BRDA:21,3,1,0
BRDA:32,4,0,0
BRDA:32,4,1,5
BRDA:35,5,0,0
BRDA:35,5,1,5
BRDA:60,6,0,4
BRDA:60,6,1,1
BRDA:60,7,0,5
BRDA:60,7,1,5
BRDA:64,8,0,3
BRDA:64,8,1,0
BRDA:64,8,2,1
BRDA:93,9,0,0
BRDA:93,9,1,1
BRDA:98,10,0,2
BRDA:98,10,1,1
BRDA:98,11,0,3
BRDA:98,11,1,3
BRDA:99,12,0,2
BRDA:99,12,1,1
BRDA:99,13,0,3
BRDA:99,13,1,1
BRDA:100,14,0,2
BRDA:100,14,1,1
BRDA:144,15,0,3
BRDA:144,15,1,2
BRDA:145,16,0,5
BRDA:145,16,1,0
BRDA:145,17,0,5
BRDA:145,17,1,2
BRDA:146,18,0,4
BRDA:146,18,1,1
BRDA:167,19,0,5
BRDA:167,19,1,0
BRF:41
BRH:32
end_of_record
TN:
SF:src/containers/Login.js
FN:7,(anonymous_0)
FN:18,(anonymous_1)
FN:29,(anonymous_2)
FN:31,(anonymous_3)
FN:40,(anonymous_4)
FN:51,(anonymous_5)
FN:53,(anonymous_6)
FN:62,(anonymous_7)
FN:68,(anonymous_8)
FN:77,(anonymous_9)
FN:87,(anonymous_10)
FNF:11
FNH:5
FNDA:5,(anonymous_0)
FNDA:2,(anonymous_1)
FNDA:0,(anonymous_2)
FNDA:2,(anonymous_3)
FNDA:2,(anonymous_4)
FNDA:0,(anonymous_5)
FNDA:2,(anonymous_6)
FNDA:0,(anonymous_7)
FNDA:0,(anonymous_8)
FNDA:0,(anonymous_9)
FNDA:0,(anonymous_10)
DA:3,4
DA:8,5
DA:9,5
DA:10,5
DA:11,5
DA:12,5
DA:13,5
DA:14,5
DA:15,5
DA:16,5
DA:18,5
DA:19,2
DA:20,2
DA:26,2
DA:27,2
DA:29,0
DA:32,2
DA:33,2
DA:34,2
DA:35,2
DA:40,5
DA:41,2
DA:42,2
DA:48,2
DA:49,2
DA:51,0
DA:54,2
DA:55,2
DA:56,2
DA:57,2
DA:62,5
DA:63,0
DA:64,0
DA:69,0
DA:72,0
DA:77,5
DA:78,0
DA:79,0
DA:88,0
DA:89,0
DA:92,0
LF:41
LH:30
BRDA:63,0,0,0
BRDA:63,0,1,0
BRDA:78,1,0,0
BRDA:78,1,1,0
BRF:4
BRH:0
end_of_record
TN:
SF:src/containers/Logout.js
FN:4,(anonymous_0)
FN:11,(anonymous_1)
FNF:2
FNH:2
FNDA:34,(anonymous_0)
FNDA:2,(anonymous_1)
DA:5,34
DA:6,34
DA:7,34
DA:8,34
DA:11,34
DA:12,2
DA:13,2
LF:7
LH:7
BRF:0
BRH:0
end_of_record
TN:
SF:src/containers/NewBill.js
FN:5,(anonymous_0)
FN:27,(anonymous_1)
FN:58,(anonymous_2)
FN:63,(anonymous_3)
FN:65,(anonymous_4)
FN:91,(anonymous_5)
FN:96,(anonymous_6)
FN:99,(anonymous_7)
FNF:8
FNH:7
FNDA:6,(anonymous_0)
FNDA:145,(anonymous_1)
FNDA:141,(anonymous_2)
FNDA:0,(anonymous_3)
FNDA:8,(anonymous_4)
FNDA:8,(anonymous_5)
FNDA:4,(anonymous_6)
FNDA:2,(anonymous_7)
DA:6,6
DA:7,6
DA:8,6
DA:10,6
DA:14,6
DA:16,6
DA:17,6
DA:19,6
DA:20,6
DA:21,6
DA:22,6
DA:24,6
DA:27,6
DA:28,145
DA:29,145
DA:31,145
DA:32,145
DA:33,145
DA:34,145
DA:35,145
DA:36,145
DA:41,0
DA:42,0
DA:43,0
DA:46,145
DA:48,145
DA:50,145
DA:59,141
DA:60,141
DA:61,141
DA:63,0
DA:65,6
DA:66,8
DA:67,8
DA:68,8
DA:86,8
DA:87,8
DA:91,6
DA:92,8
DA:93,6
DA:97,4
DA:99,2
LF:42
LH:38
BRDA:36,0,0,0
BRDA:36,0,1,145
BRDA:37,1,0,145
BRDA:37,1,1,145
BRDA:37,1,2,145
BRDA:42,2,0,0
BRDA:42,2,1,0
BRDA:78,3,0,8
BRDA:78,3,1,6
BRDA:92,4,0,6
BRDA:92,4,1,2
BRF:11
BRH:8
end_of_record
TN:
SF:src/views/Actions.js
FN:4,(anonymous_0)
FNF:1
FNH:1
FNDA:7,(anonymous_0)
DA:5,7
LF:1
LH:1
BRF:0
BRH:0
end_of_record
TN:
SF:src/views/BillsUI.js
FN:7,(anonymous_0)
FN:23,(anonymous_1)
FN:24,(anonymous_2)
FN:27,(anonymous_3)
FN:29,(anonymous_4)
FNF:5
FNH:5
FNDA:5,(anonymous_0)
FNDA:7,(anonymous_1)
FNDA:5,(anonymous_2)
FNDA:29,(anonymous_3)
FNDA:7,(anonymous_4)
DA:7,6
DA:8,5
DA:23,6
DA:24,7
DA:29,29
DA:46,29
DA:47,11
DA:48,18
DA:49,11
DA:52,7
LF:10
LH:10
BRDA:24,0,0,2
BRDA:24,0,1,5
BRDA:24,1,0,7
BRDA:24,1,1,3
BRDA:46,2,0,11
BRDA:46,2,1,18
BRDA:48,3,0,11
BRDA:48,3,1,7
BRF:8
BRH:8
end_of_record
TN:
SF:src/views/DashboardFormUI.js
FN:7,(anonymous_0)
FN:24,(anonymous_1)
FNF:2
FNH:2
FNDA:9,(anonymous_0)
FNDA:9,(anonymous_1)
DA:7,9
DA:26,9
LF:2
LH:2
BRDA:79,0,0,6
BRDA:79,0,1,3
BRDA:92,1,0,6
BRDA:92,1,1,3
BRF:4
BRH:4
end_of_record
TN:
SF:src/views/DashboardUI.js
FN:8,(anonymous_0)
FNF:1
FNH:1
FNDA:21,(anonymous_0)
DA:10,21
DA:11,6
DA:12,15
DA:13,3
DA:16,12
LF:5
LH:5
BRDA:10,0,0,6
BRDA:10,0,1,15
BRDA:12,1,0,3
BRDA:12,1,1,12
BRDA:22,2,0,12
BRDA:22,2,1,7
BRDA:29,3,0,12
BRDA:29,3,1,7
BRDA:36,4,0,12
BRDA:36,4,1,7
BRF:10
BRH:10
end_of_record
TN:
SF:src/views/ErrorPage.js
FN:3,(anonymous_0)
FNF:1
FNH:1
FNDA:16,(anonymous_0)
DA:4,16
LF:1
LH:1
BRDA:12,0,0,15
BRDA:12,0,1,1
BRF:2
BRH:2
end_of_record
TN:
SF:src/views/LoadingPage.js
FN:3,(anonymous_0)
FNF:1
FNH:1
FNDA:18,(anonymous_0)
DA:5,18
LF:1
LH:1
BRF:0
BRH:0
end_of_record
TN:
SF:src/views/LoginUI.js
FN:2,(anonymous_0)
FNF:1
FNH:1
FNDA:15,(anonymous_0)
DA:4,15
LF:1
LH:1
BRF:0
BRH:0
end_of_record
TN:
SF:src/views/NewBillUI.js
FN:3,(anonymous_0)
FNF:1
FNH:1
FNDA:10,(anonymous_0)
DA:5,10
LF:1
LH:1
BRF:0
BRH:0
end_of_record
TN:
SF:src/views/VerticalLayout.js
FN:5,(anonymous_0)
FNF:1
FNH:1
FNDA:64,(anonymous_0)
DA:7,64
DA:8,64
DA:9,52
DA:11,64
DA:12,36
DA:29,28
LF:6
LH:6
BRDA:8,0,0,52
BRDA:8,0,1,12
BRDA:11,1,0,36
BRDA:11,1,1,28
BRDA:11,2,0,64
BRDA:11,2,1,52
BRF:6
BRH:6
end_of_record
